#
# There is insufficient memory for the Java Runtime Environment to continue.
# Native memory allocation (mmap) failed to map 134217728 bytes for Failed to commit area from 0x0000000081400000 to 0x0000000089400000 of length 134217728.
# Possible reasons:
#   The system is out of physical RAM or swap space
#   The process is running with CompressedOops enabled, and the Java Heap may be blocking the growth of the native heap
# Possible solutions:
#   Reduce memory load on the system
#   Increase physical memory or swap space
#   Check if swap backing store is full
#   Decrease Java heap size (-Xmx/-Xms)
#   Decrease number of Java threads
#   Decrease Java thread stack sizes (-Xss)
#   Set larger code cache with -XX:ReservedCodeCacheSize=
# This output file may be truncated or incomplete.
#
#  Out of Memory Error (t:/workspace/open/src/hotspot/os/windows/os_windows.cpp:3221), pid=10460, tid=5032
#
# JRE version:  (10.0.2+13) (build )
# Java VM: Java HotSpot(TM) 64-Bit Server VM (10.0.2+13, mixed mode, aot, tiered, compressed oops, g1 gc, windows-amd64)
# No core dump will be written. Minidumps are not enabled by default on client versions of Windows
#

---------------  S U M M A R Y ------------

Command Line: -Dcom.sun.management.jmxremote -Dcom.sun.management.jmxremote.port=58625 -Dcom.sun.management.jmxremote.authenticate=false -Dcom.sun.management.jmxremote.ssl=false -Djava.rmi.server.hostname=localhost -Dspring.liveBeansView.mbeanDomain -Dspring.application.admin.enabled=true -Xverify:none -XX:TieredStopAtLevel=1 -Dfile.encoding=UTF-8 com.stackroute.keepnote.UserServiceApplication --spring.output.ansi.enabled=always

Host: Intel(R) Core(TM) i5-8250U CPU @ 1.60GHz, 8 cores, 7G,  Windows 10 , 64 bit Build 10240 (10.0.10240.17113)
Time: Tue Jul 16 20:19:10 2019 India Standard Time elapsed time: 0 seconds (0d 0h 0m 0s)

---------------  T H R E A D  ---------------

Current thread (0x0000000ef34a0000):  JavaThread "Unknown thread" [_thread_in_vm, id=5032, stack(0x0000000ef3390000,0x0000000ef3490000)]

Stack: [0x0000000ef3390000,0x0000000ef3490000]
Native frames: (J=compiled Java code, j=interpreted, Vv=VM code, C=native code)
V  [jvm.dll+0x5a01a9]
V  [jvm.dll+0x6bcf31]
V  [jvm.dll+0x6be126]
V  [jvm.dll+0x6be7b3]
V  [jvm.dll+0x234978]
V  [jvm.dll+0x59dac4]
V  [jvm.dll+0x592825]
V  [jvm.dll+0x2f632b]
V  [jvm.dll+0x2f6295]
V  [jvm.dll+0x2f6172]
V  [jvm.dll+0x2f8366]
V  [jvm.dll+0x344293]
V  [jvm.dll+0x3449a6]
V  [jvm.dll+0x344393]
V  [jvm.dll+0x2c4628]
V  [jvm.dll+0x2c5771]
V  [jvm.dll+0x69d1db]
V  [jvm.dll+0x69e9fc]
V  [jvm.dll+0x3519e9]
V  [jvm.dll+0x6856a2]
V  [jvm.dll+0x3ba0c3]
V  [jvm.dll+0x3bc261]
C  [javaw.exe+0x3541]
C  [javaw.exe+0xe1cf]
C  [javaw.exe+0xe376]
C  [KERNEL32.DLL+0x12d92]
C  [ntdll.dll+0x9f64]


---------------  P R O C E S S  ---------------

Threads class SMR info:
_java_thread_list=0x0000000ef1a36020, length=0, elements={
}

Java Threads: ( => current thread )

Other Threads:
  0x0000000ef34bb000 GCTaskThread "GC Thread#0" [stack: 0x0000000efae40000,0x0000000efaf40000] [id=12156]
  0x0000000ef34bc800 GCTaskThread "GC Thread#1" [stack: 0x0000000efaf40000,0x0000000efb040000] [id=4656]
  0x0000000ef34be800 GCTaskThread "GC Thread#2" [stack: 0x0000000efb040000,0x0000000efb140000] [id=4564]
  0x0000000ef34c1800 GCTaskThread "GC Thread#3" [stack: 0x0000000efb140000,0x0000000efb240000] [id=11020]
  0x0000000ef34c3800 GCTaskThread "GC Thread#4" [stack: 0x0000000efb240000,0x0000000efb340000] [id=1224]
  0x0000000ef34c6000 GCTaskThread "GC Thread#5" [stack: 0x0000000efb340000,0x0000000efb440000] [id=12104]
  0x0000000ef34d1800 GCTaskThread "GC Thread#6" [stack: 0x0000000efb440000,0x0000000efb540000] [id=10928]
  0x0000000ef34d4800 GCTaskThread "GC Thread#7" [stack: 0x0000000efb540000,0x0000000efb640000] [id=3584]
  0x0000000ef3546000 ConcurrentGCThread "G1 Main Marker" [stack: 0x0000000efeb00000,0x0000000efec00000] [id=8520]
  0x0000000ef34cf800 ConcurrentGCThread "G1 Conc#0" [stack: 0x0000000efec00000,0x0000000efed00000] [id=8100]
  0x0000000ef34d3800 ConcurrentGCThread "G1 Conc#1" [stack: 0x0000000efed00000,0x0000000efee00000] [id=6444]

[error occurred during error reporting (printing all threads), id 0xe0000002]

VM state:not at safepoint (not fully initialized)

VM Mutex/Monitor currently owned by a thread:  ([mutex/lock_event])
[0x0000000ef349f280] Heap_lock - owner thread: 0x0000000ef34a0000

Heap address: 0x0000000081400000, size: 2028 MB, Compressed Oops mode: Non-zero based: 0x0000000081400000
Narrow klass base: 0x0000000000000000, Narrow klass shift: 0

GC Heap History (0 events):
No events

Deoptimization events (0 events):
No events

Classes redefined (0 events):
No events

Internal exceptions (0 events):
No events

Events (0 events):
No events


Dynamic libraries:
0x00007ff7c8240000 - 0x00007ff7c827e000 	C:\Program Files\Java\jre-10.0.2\bin\javaw.exe
0x00007ff930e80000 - 0x00007ff931042000 	C:\Windows\SYSTEM32\ntdll.dll
0x00007ff930450000 - 0x00007ff9304fd000 	C:\Windows\system32\KERNEL32.DLL
0x00007ff92d160000 - 0x00007ff92d172000 	C:\Program Files\AVAST Software\Avast\aswhook.dll
0x00007ff92e240000 - 0x00007ff92e41d000 	C:\Windows\system32\KERNELBASE.dll
0x00007ff930d60000 - 0x00007ff930e06000 	C:\Windows\system32\ADVAPI32.dll
0x00007ff930c00000 - 0x00007ff930c9d000 	C:\Windows\system32\msvcrt.dll
0x00007ff930e20000 - 0x00007ff930e7b000 	C:\Windows\system32\sechost.dll
0x00007ff930840000 - 0x00007ff930966000 	C:\Windows\system32\RPCRT4.dll
0x00007ff92fc10000 - 0x00007ff92fd5e000 	C:\Windows\system32\USER32.dll
0x00007ff9306b0000 - 0x00007ff930833000 	C:\Windows\system32\GDI32.dll
0x00007ff91b700000 - 0x00007ff91b974000 	C:\Windows\WinSxS\amd64_microsoft.windows.common-controls_6595b64144ccf1df_6.0.10240.17184_none_f41d7a705752bce6\COMCTL32.dll
0x00007ff92b1c0000 - 0x00007ff92b1ca000 	C:\Windows\SYSTEM32\VERSION.dll
0x00007ff92e540000 - 0x00007ff92e576000 	C:\Windows\system32\IMM32.DLL
0x00007ff92e580000 - 0x00007ff92e6dc000 	C:\Windows\system32\MSCTF.dll
0x00007ff9170c0000 - 0x00007ff9171af000 	C:\Program Files\Java\jre-10.0.2\bin\msvcr120.dll
0x00007ff914ee0000 - 0x00007ff914f86000 	C:\Program Files\Java\jre-10.0.2\bin\msvcp120.dll
0x000000005f9e0000 - 0x0000000060450000 	C:\Program Files\Java\jre-10.0.2\bin\server\jvm.dll
0x00007ff930370000 - 0x00007ff930378000 	C:\Windows\system32\PSAPI.DLL
0x00007ff927570000 - 0x00007ff927579000 	C:\Windows\SYSTEM32\WSOCK32.dll
0x00007ff930590000 - 0x00007ff9305f9000 	C:\Windows\system32\WS2_32.dll
0x00007ff930190000 - 0x00007ff930198000 	C:\Windows\system32\NSI.dll
0x00007ff92a9d0000 - 0x00007ff92a9f3000 	C:\Windows\SYSTEM32\WINMM.dll
0x00007ff92a6b0000 - 0x00007ff92a6dc000 	C:\Windows\SYSTEM32\WINMMBASE.dll
0x00007ff92d940000 - 0x00007ff92d984000 	C:\Windows\system32\cfgmgr32.dll
0x00007ff92d5a0000 - 0x00007ff92d5c7000 	C:\Windows\SYSTEM32\DEVOBJ.dll
0x00007ff92d150000 - 0x00007ff92d15f000 	C:\Program Files\Java\jre-10.0.2\bin\verify.dll
0x00007ff92c9c0000 - 0x00007ff92cb4a000 	C:\Windows\SYSTEM32\DBGHELP.DLL
0x00007ff92c830000 - 0x00007ff92c855000 	C:\Windows\SYSTEM32\dbgcore.DLL
0x00007ff924e60000 - 0x00007ff924e87000 	C:\Program Files\Java\jre-10.0.2\bin\java.dll
0x00007ff92b710000 - 0x00007ff92b726000 	C:\Program Files\Java\jre-10.0.2\bin\zip.dll
0x00007ff92d130000 - 0x00007ff92d13a000 	C:\Program Files\Java\jre-10.0.2\bin\jimage.dll

dbghelp: loaded successfully - version: 4.0.5 - missing functions: none
symbol engine: initialized successfully - sym options: 0x614 - pdb path: .;C:\Program Files\Java\jre-10.0.2\bin;C:\Windows\SYSTEM32;C:\Program Files\AVAST Software\Avast;C:\Windows\WinSxS\amd64_microsoft.windows.common-controls_6595b64144ccf1df_6.0.10240.17184_none_f41d7a705752bce6;C:\Program Files\Java\jre-10.0.2\bin\server

VM Arguments:
jvm_args: -Dcom.sun.management.jmxremote -Dcom.sun.management.jmxremote.port=58625 -Dcom.sun.management.jmxremote.authenticate=false -Dcom.sun.management.jmxremote.ssl=false -Djava.rmi.server.hostname=localhost -Dspring.liveBeansView.mbeanDomain -Dspring.application.admin.enabled=true -Xverify:none -XX:TieredStopAtLevel=1 -Dfile.encoding=UTF-8 
java_command: com.stackroute.keepnote.UserServiceApplication --spring.output.ansi.enabled=always
java_class_path (initial): F:\JAVA backend training\assignments\KeepNote-Step7-Boilerplate\UserService\target\classes;C:\Users\lokesh\.m2\repository\org\mockito\mockito-core\2.15.0\mockito-core-2.15.0.jar;C:\Users\lokesh\.m2\repository\net\bytebuddy\byte-buddy\1.7.11\byte-buddy-1.7.11.jar;C:\Users\lokesh\.m2\repository\net\bytebuddy\byte-buddy-agent\1.7.11\byte-buddy-agent-1.7.11.jar;C:\Users\lokesh\.m2\repository\org\objenesis\objenesis\2.6\objenesis-2.6.jar;C:\Users\lokesh\.m2\repository\org\mockito\mockito-all\1.10.19\mockito-all-1.10.19.jar;C:\Users\lokesh\.m2\repository\org\springframework\boot\spring-boot-starter-web\2.0.2.RELEASE\spring-boot-starter-web-2.0.2.RELEASE.jar;C:\Users\lokesh\.m2\repository\org\springframework\boot\spring-boot-starter\2.0.2.RELEASE\spring-boot-starter-2.0.2.RELEASE.jar;C:\Users\lokesh\.m2\repository\org\springframework\boot\spring-boot\2.0.2.RELEASE\spring-boot-2.0.2.RELEASE.jar;C:\Users\lokesh\.m2\repository\org\springframework\boot\spring-boot-autoconfigure\2.0.2.RELEASE\spring-boot-autoconfigure-2.0.2.RELEASE.jar;C:\Users\lokesh\.m2\repository\org\springframework\boot\spring-boot-starter-logging\2.0.2.RELEASE\spring-boot-starter-logging-2.0.2.RELEASE.jar;C:\Users\lokesh\.m2\repository\ch\qos\logback\logback-classic\1.2.3\logback-classic-1.2.3.jar;C:\Users\lokesh\.m2\repository\ch\qos\logback\logback-core\1.2.3\logback-core-1.2.3.jar;C:\Users\lokesh\.m2\repository\org\apache\logging\log4j\log4j-to-slf4j\2.10.0\log4j-to-slf4j-2.10.0.jar;C:\Users\lokesh\.m2\repository\org\apache\logging\log4j\log4j-api\2.10.0\log4j-api-2.10.0.jar;C:\Users\lokesh\.m2\repository\org\slf4j\jul-to-slf4j\1.7.25\jul-to-slf4j-1.7.25.jar;C:\Users\lokesh\.m2\repository\javax\annotation\javax.annotation-api\1.3.2\javax.annotation-api-1.3.2.jar;C:\Users\lokesh\.m2\repository\org\yaml\snakeyaml\1.19\snakeyaml-1.19.jar;C:\Users\lokesh\.m2\repository\org\springframework\boot\spring-boot-starter-json\2.0.2.RELEASE\spring-boot-starter-json-2.0.2.RELEASE.jar;C:\U
Launcher Type: SUN_STANDARD

Logging:
Log output configuration:
#0: stdout all=warning uptime,level,tags
#1: stderr all=off uptime,level,tags

Environment Variables:
PATH=C:\Program Files (x86)\Common Files\Oracle\Java\javapath;C:\Windows\system32;C:\Windows;C:\Windows\System32\Wbem;C:\Windows\System32\WindowsPowerShell\v1.0\;C:\Program Files\Java\jdk-10.0.2\bin;C:\Program Files\MongoDB\Server\4.0\bin;F:\Program Files\Git\cmd;F:\Program Files\;F:\cognizant softwares\softwares\apache-maven-3.6.1\bin;F:\cognizant softwares\softwares\apache-maven-3.6.1\M2;C:\Users\lokesh\AppData\Local\GitHubDesktop\bin;C:\Users\lokesh\AppData\Roaming\npm;F:\cognizant softwares\bin;C:\Program Files\Docker Toolbox
USERNAME=lokesh
OS=Windows_NT
PROCESSOR_IDENTIFIER=Intel64 Family 6 Model 142 Stepping 10, GenuineIntel



---------------  S Y S T E M  ---------------

OS: Windows 10 , 64 bit Build 10240 (10.0.10240.17113)

CPU:total 8 (initial active 8) (4 cores per cpu, 2 threads per core) family 6 model 142 stepping 10, cmov, cx8, fxsr, mmx, sse, sse2, sse3, ssse3, sse4.1, sse4.2, popcnt, avx, avx2, aes, clmul, erms, 3dnowpref, lzcnt, ht, tsc, tscinvbit, bmi1, bmi2, adx, fma

Memory: 4k page, physical 8303440k(1027488k free), swap 11712944k(76208k free)

vm_info: Java HotSpot(TM) 64-Bit Server VM (10.0.2+13) for windows-amd64 JRE (10.0.2+13), built on Jun 28 2018 01:57:56 by "mach5one" with MS VC++ 12.0 (VS2013)

END.
